<?xml version="1.0" encoding="UTF-8"?>
<!-- Generated by org.testng.reporters.JUnitReportReporter -->
<testsuite skipped="0" hostname="DESKTOP-IGVL082" name="com.letzautomate.driver.Driver" tests="1" failures="0" timestamp="06 Oct 2018 16:40:13 GMT" time="7.683" errors="0">
  <testcase name="runSuite" time="7.683" classname="com.letzautomate.driver.Driver"/>
</testsuite> <!-- com.letzautomate.driver.Driver -->
