<?xml version="1.0" encoding="UTF-8"?>
<!-- Generated by org.testng.reporters.JUnitReportReporter -->
<testsuite skipped="0" hostname="DESKTOP-IGVL082" name="com.letzautomate.driver.Driver" tests="1" failures="0" timestamp="08 Sep 2018 13:42:21 GMT" time="4.954" errors="0">
  <testcase name="runSuite" time="4.954" classname="com.letzautomate.driver.Driver"/>
</testsuite> <!-- com.letzautomate.driver.Driver -->
